  [1m[35m (1.4ms)[0m  [1m[35mCREATE TABLE "schema_migrations" ("version" varchar NOT NULL PRIMARY KEY)[0m
  [1m[35m (1.6ms)[0m  [1m[35mCREATE TABLE "ar_internal_metadata" ("key" varchar NOT NULL PRIMARY KEY, "value" varchar, "created_at" datetime NOT NULL, "updated_at" datetime NOT NULL)[0m
  [1m[36mActiveRecord::SchemaMigration Load (0.1ms)[0m  [1m[34mSELECT "schema_migrations".* FROM "schema_migrations"[0m
Migrating to CreateProducts (20170605215659)
  [1m[35m (0.0ms)[0m  [1m[36mbegin transaction[0m
  [1m[35m (0.4ms)[0m  [1m[35mCREATE TABLE "products" ("id" INTEGER PRIMARY KEY AUTOINCREMENT NOT NULL, "title" varchar, "description" text, "image_url" varchar, "price" decimal(8,2), "created_at" datetime NOT NULL, "updated_at" datetime NOT NULL)[0m
  [1m[35mSQL (0.2ms)[0m  [1m[32mINSERT INTO "schema_migrations" ("version") VALUES (?)[0m  [["version", "20170605215659"]]
  [1m[35m (1.4ms)[0m  [1m[36mcommit transaction[0m
  [1m[36mActiveRecord::InternalMetadata Load (0.1ms)[0m  [1m[34mSELECT  "ar_internal_metadata".* FROM "ar_internal_metadata" WHERE "ar_internal_metadata"."key" = ? LIMIT ?[0m  [["key", "environment"], ["LIMIT", 1]]
  [1m[35m (0.1ms)[0m  [1m[36mbegin transaction[0m
  [1m[35mSQL (0.3ms)[0m  [1m[32mINSERT INTO "ar_internal_metadata" ("key", "value", "created_at", "updated_at") VALUES (?, ?, ?, ?)[0m  [["key", "environment"], ["value", "development"], ["created_at", "2017-06-05 22:06:29.909423"], ["updated_at", "2017-06-05 22:06:29.909423"]]
  [1m[35m (2.0ms)[0m  [1m[36mcommit transaction[0m
  [1m[36mActiveRecord::SchemaMigration Load (0.1ms)[0m  [1m[34mSELECT "schema_migrations".* FROM "schema_migrations"[0m
Started GET "/" for 127.0.0.1 at 2017-06-05 17:10:28 -0500
  [1m[36mActiveRecord::SchemaMigration Load (0.1ms)[0m  [1m[34mSELECT "schema_migrations".* FROM "schema_migrations"[0m
Processing by Rails::WelcomeController#index as HTML
  Parameters: {"internal"=>true}
  Rendering /Users/XXXGOHUSKIESXXX/.rbenv/versions/2.4.1/lib/ruby/gems/2.4.0/gems/railties-5.0.3/lib/rails/templates/rails/welcome/index.html.erb
  Rendered /Users/XXXGOHUSKIESXXX/.rbenv/versions/2.4.1/lib/ruby/gems/2.4.0/gems/railties-5.0.3/lib/rails/templates/rails/welcome/index.html.erb (3.6ms)
Completed 200 OK in 47ms (Views: 22.7ms | ActiveRecord: 0.0ms)


Started GET "/products" for 127.0.0.1 at 2017-06-05 17:10:38 -0500
  
SyntaxError (/Users/XXXGOHUSKIESXXX/itmd-x13-weekly/depotA1/depot/app/controllers/products_controller.rb:72: syntax error, unexpected ':', expecting ')'
ams.require(:product).permit(: title, :description, :image_u
                              ^
/Users/XXXGOHUSKIESXXX/itmd-x13-weekly/depotA1/depot/app/controllers/products_controller.rb:72: syntax error, unexpected ',', expecting &. or :: or '[' or '.'
.permit(: title, :description, :image_url, :price)
                              ^):
  
app/controllers/products_controller.rb:72: syntax error, unexpected ':', expecting ')'
app/controllers/products_controller.rb:72: syntax error, unexpected ',', expecting &. or :: or '[' or '.'
  Rendering /Users/XXXGOHUSKIESXXX/.rbenv/versions/2.4.1/lib/ruby/gems/2.4.0/gems/actionpack-5.0.3/lib/action_dispatch/middleware/templates/rescues/diagnostics.html.erb within rescues/layout
  Rendering /Users/XXXGOHUSKIESXXX/.rbenv/versions/2.4.1/lib/ruby/gems/2.4.0/gems/actionpack-5.0.3/lib/action_dispatch/middleware/templates/rescues/_source.html.erb
  Rendered /Users/XXXGOHUSKIESXXX/.rbenv/versions/2.4.1/lib/ruby/gems/2.4.0/gems/actionpack-5.0.3/lib/action_dispatch/middleware/templates/rescues/_source.html.erb (5.3ms)
  Rendering /Users/XXXGOHUSKIESXXX/.rbenv/versions/2.4.1/lib/ruby/gems/2.4.0/gems/actionpack-5.0.3/lib/action_dispatch/middleware/templates/rescues/_trace.html.erb
  Rendered /Users/XXXGOHUSKIESXXX/.rbenv/versions/2.4.1/lib/ruby/gems/2.4.0/gems/actionpack-5.0.3/lib/action_dispatch/middleware/templates/rescues/_trace.html.erb (2.4ms)
  Rendering /Users/XXXGOHUSKIESXXX/.rbenv/versions/2.4.1/lib/ruby/gems/2.4.0/gems/actionpack-5.0.3/lib/action_dispatch/middleware/templates/rescues/_request_and_response.html.erb
  Rendered /Users/XXXGOHUSKIESXXX/.rbenv/versions/2.4.1/lib/ruby/gems/2.4.0/gems/actionpack-5.0.3/lib/action_dispatch/middleware/templates/rescues/_request_and_response.html.erb (1.0ms)
  Rendered /Users/XXXGOHUSKIESXXX/.rbenv/versions/2.4.1/lib/ruby/gems/2.4.0/gems/actionpack-5.0.3/lib/action_dispatch/middleware/templates/rescues/diagnostics.html.erb within rescues/layout (120.7ms)
Started GET "/products" for 127.0.0.1 at 2017-06-05 17:12:23 -0500
Processing by ProductsController#index as HTML
  Rendering products/index.html.erb within layouts/application
  [1m[36mProduct Load (0.7ms)[0m  [1m[34mSELECT "products".* FROM "products"[0m
  Rendered products/index.html.erb within layouts/application (3.5ms)
Started GET "/products" for 127.0.0.1 at 2017-06-05 17:12:34 -0500
Completed 200 OK in 1444ms (Views: 1436.4ms | ActiveRecord: 1.0ms)


Processing by ProductsController#index as HTML
  Rendering products/index.html.erb within layouts/application
  [1m[36mProduct Load (0.3ms)[0m  [1m[34mSELECT "products".* FROM "products"[0m
  Rendered products/index.html.erb within layouts/application (3.3ms)
Completed 200 OK in 32ms (Views: 26.2ms | ActiveRecord: 0.6ms)


Started GET "/products/new" for 127.0.0.1 at 2017-06-05 17:13:11 -0500
Processing by ProductsController#new as HTML
  Rendering products/new.html.erb within layouts/application
  Rendered products/_form.html.erb (1.3ms)
  Rendered products/new.html.erb within layouts/application (3.9ms)
Completed 500 Internal Server Error in 23ms (ActiveRecord: 0.7ms)


  
SyntaxError (/Users/XXXGOHUSKIESXXX/itmd-x13-weekly/depotA1/depot/app/views/products/_form.html.erb:15: syntax error, unexpected ':'
tput_buffer.append=( f.label : title );@output_buffer.safe_a
                              ^
/Users/XXXGOHUSKIESXXX/itmd-x13-weekly/depotA1/depot/app/views/products/_form.html.erb:16: syntax error, unexpected ':'
buffer.append=( f.text_field : title );@output_buffer.safe_a
                              ^):
  
app/views/products/_form.html.erb:15: syntax error, unexpected ':'
app/views/products/_form.html.erb:16: syntax error, unexpected ':'
app/views/products/new.html.erb:3:in `_app_views_products_new_html_erb__3005456401593969295_70220937206520'
  Rendering /Users/XXXGOHUSKIESXXX/.rbenv/versions/2.4.1/lib/ruby/gems/2.4.0/gems/actionpack-5.0.3/lib/action_dispatch/middleware/templates/rescues/diagnostics.html.erb within rescues/layout
  Rendering /Users/XXXGOHUSKIESXXX/.rbenv/versions/2.4.1/lib/ruby/gems/2.4.0/gems/actionpack-5.0.3/lib/action_dispatch/middleware/templates/rescues/_source.html.erb
  Rendered /Users/XXXGOHUSKIESXXX/.rbenv/versions/2.4.1/lib/ruby/gems/2.4.0/gems/actionpack-5.0.3/lib/action_dispatch/middleware/templates/rescues/_source.html.erb (7.8ms)
  Rendering /Users/XXXGOHUSKIESXXX/.rbenv/versions/2.4.1/lib/ruby/gems/2.4.0/gems/actionpack-5.0.3/lib/action_dispatch/middleware/templates/rescues/_trace.html.erb
  Rendered /Users/XXXGOHUSKIESXXX/.rbenv/versions/2.4.1/lib/ruby/gems/2.4.0/gems/actionpack-5.0.3/lib/action_dispatch/middleware/templates/rescues/_trace.html.erb (2.6ms)
  Rendering /Users/XXXGOHUSKIESXXX/.rbenv/versions/2.4.1/lib/ruby/gems/2.4.0/gems/actionpack-5.0.3/lib/action_dispatch/middleware/templates/rescues/_request_and_response.html.erb
  Rendered /Users/XXXGOHUSKIESXXX/.rbenv/versions/2.4.1/lib/ruby/gems/2.4.0/gems/actionpack-5.0.3/lib/action_dispatch/middleware/templates/rescues/_request_and_response.html.erb (0.8ms)
  Rendered /Users/XXXGOHUSKIESXXX/.rbenv/versions/2.4.1/lib/ruby/gems/2.4.0/gems/actionpack-5.0.3/lib/action_dispatch/middleware/templates/rescues/diagnostics.html.erb within rescues/layout (92.5ms)
Started GET "/products" for 127.0.0.1 at 2017-06-05 17:13:50 -0500
Processing by ProductsController#index as HTML
  Rendering products/index.html.erb within layouts/application
  [1m[36mProduct Load (0.2ms)[0m  [1m[34mSELECT "products".* FROM "products"[0m
  Rendered products/index.html.erb within layouts/application (1.7ms)
Completed 200 OK in 30ms (Views: 27.9ms | ActiveRecord: 0.2ms)


Started GET "/products/new" for 127.0.0.1 at 2017-06-05 17:13:51 -0500
Processing by ProductsController#new as HTML
  Rendering products/new.html.erb within layouts/application
  Rendered products/_form.html.erb (92.7ms)
  Rendered products/new.html.erb within layouts/application (95.4ms)
Completed 200 OK in 123ms (Views: 119.2ms | ActiveRecord: 0.0ms)


Started GET "/products/new" for 127.0.0.1 at 2017-06-05 17:16:40 -0500
Processing by ProductsController#new as HTML
  Rendering products/new.html.erb within layouts/application
  Rendered products/_form.html.erb (4.0ms)
  Rendered products/new.html.erb within layouts/application (6.6ms)
Completed 200 OK in 34ms (Views: 31.3ms | ActiveRecord: 0.0ms)


Started GET "/products/new" for 127.0.0.1 at 2017-06-05 17:18:29 -0500
  [1m[36mActiveRecord::SchemaMigration Load (0.2ms)[0m  [1m[34mSELECT "schema_migrations".* FROM "schema_migrations"[0m
Processing by ProductsController#new as HTML
  Rendering products/new.html.erb within layouts/application
  Rendered products/_form.html.erb (29.7ms)
  Rendered products/new.html.erb within layouts/application (33.5ms)
Completed 200 OK in 586ms (Views: 551.7ms | ActiveRecord: 0.7ms)


Started POST "/products" for 127.0.0.1 at 2017-06-05 17:22:22 -0500
Processing by ProductsController#create as HTML
  Parameters: {"utf8"=>"✓", "authenticity_token"=>"Bdgq3lz1WCMBvrzCyoLkQmJBtr16wPPgFuK8BoVgOvlJLsOzpTqLXG1jY8uLClGSBd916Aixy2PiL5HSJJ4ykg==", "product"=>{"title"=>"Seven Mobile Apps", "description"=>"<p>\r\n<em>Native Apps, Multiple platforms</em>\r\nAnswer the question \"CAn we build this for ALL the devices?\" with a resounding YES.  This book will help you get there with a real-world introduction to seven platforms, wheather you're new to mobile or an experienced developer needing to expand your options.  Plus, you'll find out which cross-platform solution makes the most sense for your needs.\r\n</p>", "image_url"=>"/images/7apps.jpg", "price"=>"26.00"}, "commit"=>"Create Product"}
  [1m[35m (0.3ms)[0m  [1m[36mbegin transaction[0m
  [1m[35mSQL (31.1ms)[0m  [1m[32mINSERT INTO "products" ("title", "description", "image_url", "price", "created_at", "updated_at") VALUES (?, ?, ?, ?, ?, ?)[0m  [["title", "Seven Mobile Apps"], ["description", "<p>\r\n<em>Native Apps, Multiple platforms</em>\r\nAnswer the question \"CAn we build this for ALL the devices?\" with a resounding YES.  This book will help you get there with a real-world introduction to seven platforms, wheather you're new to mobile or an experienced developer needing to expand your options.  Plus, you'll find out which cross-platform solution makes the most sense for your needs.\r\n</p>"], ["image_url", "/images/7apps.jpg"], ["price", 26.0], ["created_at", "2017-06-05 22:22:22.978271"], ["updated_at", "2017-06-05 22:22:22.978271"]]
  [1m[35m (36.4ms)[0m  [1m[36mcommit transaction[0m
Redirected to http://localhost:3000/products/1
Completed 302 Found in 102ms (ActiveRecord: 67.8ms)


Started GET "/products/1" for 127.0.0.1 at 2017-06-05 17:22:23 -0500
Processing by ProductsController#show as HTML
  Parameters: {"id"=>"1"}
  [1m[36mProduct Load (0.3ms)[0m  [1m[34mSELECT  "products".* FROM "products" WHERE "products"."id" = ? LIMIT ?[0m  [["id", 1], ["LIMIT", 1]]
  Rendering products/show.html.erb within layouts/application
  Rendered products/show.html.erb within layouts/application (1.0ms)
Completed 200 OK in 76ms (Views: 50.7ms | ActiveRecord: 0.3ms)


Started GET "/products" for 127.0.0.1 at 2017-06-05 17:22:33 -0500
Processing by ProductsController#index as HTML
  Rendering products/index.html.erb within layouts/application
  [1m[36mProduct Load (0.2ms)[0m  [1m[34mSELECT "products".* FROM "products"[0m
  Rendered products/index.html.erb within layouts/application (1.9ms)
Completed 200 OK in 28ms (Views: 21.2ms | ActiveRecord: 0.2ms)


Started GET "/products/1/edit" for 127.0.0.1 at 2017-06-05 17:22:59 -0500
Processing by ProductsController#edit as HTML
  Parameters: {"id"=>"1"}
  [1m[36mProduct Load (1.0ms)[0m  [1m[34mSELECT  "products".* FROM "products" WHERE "products"."id" = ? LIMIT ?[0m  [["id", 1], ["LIMIT", 1]]
  Rendering products/edit.html.erb within layouts/application
  Rendered products/_form.html.erb (2.9ms)
  Rendered products/edit.html.erb within layouts/application (5.3ms)
Completed 200 OK in 40ms (Views: 27.4ms | ActiveRecord: 1.0ms)


Started PATCH "/products/1" for 127.0.0.1 at 2017-06-05 17:23:11 -0500
Processing by ProductsController#update as HTML
  Parameters: {"utf8"=>"✓", "authenticity_token"=>"lQjAyNXlK7R19rYQnADJNrEla+t+ZWLXytjx5SupaygGk+U0xDFYTf7XuWh97ee2Lz69fImnqBluEGgcn/kXmg==", "product"=>{"title"=>"Seven Mobile Apps", "description"=>"<p>\r\n<em>Native Apps, Multiple platforms</em>\r\nAnswer the question \"Can we build this for ALL the devices?\" with a resounding YES.  This book will help you get there with a real-world introduction to seven platforms, whether you're new to mobile or an experienced developer needing to expand your options.  Plus, you'll find out which cross-platform solution makes the most sense for your needs.\r\n</p>", "image_url"=>"/images/7apps.jpg", "price"=>"26.0"}, "commit"=>"Update Product", "id"=>"1"}
  [1m[36mProduct Load (0.1ms)[0m  [1m[34mSELECT  "products".* FROM "products" WHERE "products"."id" = ? LIMIT ?[0m  [["id", 1], ["LIMIT", 1]]
  [1m[35m (0.1ms)[0m  [1m[36mbegin transaction[0m
  [1m[35mSQL (1.0ms)[0m  [1m[33mUPDATE "products" SET "description" = ?, "updated_at" = ? WHERE "products"."id" = ?[0m  [["description", "<p>\r\n<em>Native Apps, Multiple platforms</em>\r\nAnswer the question \"Can we build this for ALL the devices?\" with a resounding YES.  This book will help you get there with a real-world introduction to seven platforms, whether you're new to mobile or an experienced developer needing to expand your options.  Plus, you'll find out which cross-platform solution makes the most sense for your needs.\r\n</p>"], ["updated_at", "2017-06-05 22:23:11.767391"], ["id", 1]]
  [1m[35m (1.5ms)[0m  [1m[36mcommit transaction[0m
Redirected to http://localhost:3000/products/1
Completed 302 Found in 27ms (ActiveRecord: 2.7ms)


Started GET "/products/1" for 127.0.0.1 at 2017-06-05 17:23:11 -0500
Processing by ProductsController#show as HTML
  Parameters: {"id"=>"1"}
  [1m[36mProduct Load (0.3ms)[0m  [1m[34mSELECT  "products".* FROM "products" WHERE "products"."id" = ? LIMIT ?[0m  [["id", 1], ["LIMIT", 1]]
  Rendering products/show.html.erb within layouts/application
  Rendered products/show.html.erb within layouts/application (0.9ms)
Completed 200 OK in 27ms (Views: 23.4ms | ActiveRecord: 0.3ms)


Started GET "/products" for 127.0.0.1 at 2017-06-05 17:23:15 -0500
Processing by ProductsController#index as HTML
  Rendering products/index.html.erb within layouts/application
  [1m[36mProduct Load (0.2ms)[0m  [1m[34mSELECT "products".* FROM "products"[0m
  Rendered products/index.html.erb within layouts/application (2.2ms)
Completed 200 OK in 29ms (Views: 25.3ms | ActiveRecord: 0.2ms)


  [1m[36mActiveRecord::SchemaMigration Load (0.5ms)[0m  [1m[34mSELECT "schema_migrations".* FROM "schema_migrations"[0m
  [1m[35m (0.1ms)[0m  [1m[36mbegin transaction[0m
  [1m[35mSQL (0.9ms)[0m  [1m[32mINSERT INTO "products" ("title", "description", "image_url", "price", "created_at", "updated_at") VALUES (?, ?, ?, ?, ?, ?)[0m  [["title", "Seven Mobile Apps in Seven Weeks"], ["description", "<p>\n      <em>Native Apps, Multiple Platforms</em>\n      Answer the question \"Can we build this for ALL the devices?\" with a resounding YES. This book will help you get there with a real-world introduction to seven platforms, whether you're new to mobile or an experienced developer needing to expand your options. Plus, you'll find out which cross-platform solution makes the most sense for your needs. </p>"], ["image_url", "7apps.jpg"], ["price", 26.0], ["created_at", "2017-06-06 00:47:48.245175"], ["updated_at", "2017-06-06 00:47:48.245175"]]
  [1m[35m (1.4ms)[0m  [1m[36mcommit transaction[0m
  [1m[36mActiveRecord::SchemaMigration Load (0.5ms)[0m  [1m[34mSELECT "schema_migrations".* FROM "schema_migrations"[0m
  [1m[35m (0.1ms)[0m  [1m[36mbegin transaction[0m
  [1m[35mSQL (0.9ms)[0m  [1m[32mINSERT INTO "products" ("title", "description", "image_url", "price", "created_at", "updated_at") VALUES (?, ?, ?, ?, ?, ?)[0m  [["title", "Seven Mobile Apps in Seven Weeks"], ["description", "<p>\n      <em>Native Apps, Multiple Platforms</em>\n      Answer the question \"Can we build this for ALL the devices?\" with a resounding YES. This book will help you get there with a real-world introduction to seven platforms, whether you're new to mobile or an experienced developer needing to expand your options. Plus, you'll find out which cross-platform solution makes the most sense for your needs. </p>"], ["image_url", "7apps.jpg"], ["price", 26.0], ["created_at", "2017-06-06 00:55:02.062490"], ["updated_at", "2017-06-06 00:55:02.062490"]]
  [1m[35m (1.2ms)[0m  [1m[36mcommit transaction[0m
Started GET "/products" for 127.0.0.1 at 2017-06-05 20:36:29 -0500
  [1m[36mActiveRecord::SchemaMigration Load (0.5ms)[0m  [1m[34mSELECT "schema_migrations".* FROM "schema_migrations"[0m
Processing by ProductsController#index as HTML
  Rendering products/index.html.erb within layouts/application
  [1m[36mProduct Load (11.8ms)[0m  [1m[34mSELECT "products".* FROM "products"[0m
  Rendered products/index.html.erb within layouts/application (465.1ms)
Completed 200 OK in 600ms (Views: 552.2ms | ActiveRecord: 12.4ms)


Started GET "/images/7apps.jpg" for 127.0.0.1 at 2017-06-05 20:36:30 -0500
  
ActionController::RoutingError (No route matches [GET] "/images/7apps.jpg"):
  
actionpack (5.0.3) lib/action_dispatch/middleware/debug_exceptions.rb:53:in `call'
web-console (3.5.1) lib/web_console/middleware.rb:135:in `call_app'
web-console (3.5.1) lib/web_console/middleware.rb:28:in `block in call'
web-console (3.5.1) lib/web_console/middleware.rb:18:in `catch'
web-console (3.5.1) lib/web_console/middleware.rb:18:in `call'
actionpack (5.0.3) lib/action_dispatch/middleware/show_exceptions.rb:31:in `call'
railties (5.0.3) lib/rails/rack/logger.rb:36:in `call_app'
railties (5.0.3) lib/rails/rack/logger.rb:24:in `block in call'
activesupport (5.0.3) lib/active_support/tagged_logging.rb:69:in `block in tagged'
activesupport (5.0.3) lib/active_support/tagged_logging.rb:26:in `tagged'
activesupport (5.0.3) lib/active_support/tagged_logging.rb:69:in `tagged'
railties (5.0.3) lib/rails/rack/logger.rb:24:in `call'
sprockets-rails (3.2.0) lib/sprockets/rails/quiet_assets.rb:13:in `call'
actionpack (5.0.3) lib/action_dispatch/middleware/request_id.rb:24:in `call'
rack (2.0.3) lib/rack/method_override.rb:22:in `call'
rack (2.0.3) lib/rack/runtime.rb:22:in `call'
activesupport (5.0.3) lib/active_support/cache/strategy/local_cache_middleware.rb:28:in `call'
actionpack (5.0.3) lib/action_dispatch/middleware/executor.rb:12:in `call'
actionpack (5.0.3) lib/action_dispatch/middleware/static.rb:136:in `call'
rack (2.0.3) lib/rack/sendfile.rb:111:in `call'
railties (5.0.3) lib/rails/engine.rb:522:in `call'
puma (3.9.1) lib/puma/configuration.rb:224:in `call'
puma (3.9.1) lib/puma/server.rb:602:in `handle_request'
puma (3.9.1) lib/puma/server.rb:435:in `process_client'
puma (3.9.1) lib/puma/server.rb:299:in `block in run'
puma (3.9.1) lib/puma/thread_pool.rb:120:in `block in spawn_thread'
  Rendering /Users/XXXGOHUSKIESXXX/.rbenv/versions/2.4.1/lib/ruby/gems/2.4.0/gems/actionpack-5.0.3/lib/action_dispatch/middleware/templates/rescues/routing_error.html.erb within rescues/layout
  Rendering /Users/XXXGOHUSKIESXXX/.rbenv/versions/2.4.1/lib/ruby/gems/2.4.0/gems/actionpack-5.0.3/lib/action_dispatch/middleware/templates/rescues/_trace.html.erb
  Rendered /Users/XXXGOHUSKIESXXX/.rbenv/versions/2.4.1/lib/ruby/gems/2.4.0/gems/actionpack-5.0.3/lib/action_dispatch/middleware/templates/rescues/_trace.html.erb (1.4ms)
  Rendered collection of /Users/XXXGOHUSKIESXXX/.rbenv/versions/2.4.1/lib/ruby/gems/2.4.0/gems/actionpack-5.0.3/lib/action_dispatch/middleware/templates/routes/_route.html.erb [8 times] (2.7ms)
  Rendered /Users/XXXGOHUSKIESXXX/.rbenv/versions/2.4.1/lib/ruby/gems/2.4.0/gems/actionpack-5.0.3/lib/action_dispatch/middleware/templates/routes/_table.html.erb (19.1ms)
  Rendering /Users/XXXGOHUSKIESXXX/.rbenv/versions/2.4.1/lib/ruby/gems/2.4.0/gems/actionpack-5.0.3/lib/action_dispatch/middleware/templates/rescues/_request_and_response.html.erb
  Rendered /Users/XXXGOHUSKIESXXX/.rbenv/versions/2.4.1/lib/ruby/gems/2.4.0/gems/actionpack-5.0.3/lib/action_dispatch/middleware/templates/rescues/_request_and_response.html.erb (1.1ms)
  Rendered /Users/XXXGOHUSKIESXXX/.rbenv/versions/2.4.1/lib/ruby/gems/2.4.0/gems/actionpack-5.0.3/lib/action_dispatch/middleware/templates/rescues/routing_error.html.erb within rescues/layout (159.2ms)
Started GET "/products" for 127.0.0.1 at 2017-06-05 20:36:39 -0500
Processing by ProductsController#index as HTML
  Rendering products/index.html.erb within layouts/application
  [1m[36mProduct Load (0.2ms)[0m  [1m[34mSELECT "products".* FROM "products"[0m
  Rendered products/index.html.erb within layouts/application (7.2ms)
Completed 200 OK in 38ms (Views: 36.0ms | ActiveRecord: 0.2ms)


Started GET "/images/7apps.jpg" for 127.0.0.1 at 2017-06-05 20:36:39 -0500
  
ActionController::RoutingError (No route matches [GET] "/images/7apps.jpg"):
  
actionpack (5.0.3) lib/action_dispatch/middleware/debug_exceptions.rb:53:in `call'
web-console (3.5.1) lib/web_console/middleware.rb:135:in `call_app'
web-console (3.5.1) lib/web_console/middleware.rb:28:in `block in call'
web-console (3.5.1) lib/web_console/middleware.rb:18:in `catch'
web-console (3.5.1) lib/web_console/middleware.rb:18:in `call'
actionpack (5.0.3) lib/action_dispatch/middleware/show_exceptions.rb:31:in `call'
railties (5.0.3) lib/rails/rack/logger.rb:36:in `call_app'
railties (5.0.3) lib/rails/rack/logger.rb:24:in `block in call'
activesupport (5.0.3) lib/active_support/tagged_logging.rb:69:in `block in tagged'
activesupport (5.0.3) lib/active_support/tagged_logging.rb:26:in `tagged'
activesupport (5.0.3) lib/active_support/tagged_logging.rb:69:in `tagged'
railties (5.0.3) lib/rails/rack/logger.rb:24:in `call'
sprockets-rails (3.2.0) lib/sprockets/rails/quiet_assets.rb:13:in `call'
actionpack (5.0.3) lib/action_dispatch/middleware/request_id.rb:24:in `call'
rack (2.0.3) lib/rack/method_override.rb:22:in `call'
rack (2.0.3) lib/rack/runtime.rb:22:in `call'
activesupport (5.0.3) lib/active_support/cache/strategy/local_cache_middleware.rb:28:in `call'
actionpack (5.0.3) lib/action_dispatch/middleware/executor.rb:12:in `call'
actionpack (5.0.3) lib/action_dispatch/middleware/static.rb:136:in `call'
rack (2.0.3) lib/rack/sendfile.rb:111:in `call'
railties (5.0.3) lib/rails/engine.rb:522:in `call'
puma (3.9.1) lib/puma/configuration.rb:224:in `call'
puma (3.9.1) lib/puma/server.rb:602:in `handle_request'
puma (3.9.1) lib/puma/server.rb:435:in `process_client'
puma (3.9.1) lib/puma/server.rb:299:in `block in run'
puma (3.9.1) lib/puma/thread_pool.rb:120:in `block in spawn_thread'
  Rendering /Users/XXXGOHUSKIESXXX/.rbenv/versions/2.4.1/lib/ruby/gems/2.4.0/gems/actionpack-5.0.3/lib/action_dispatch/middleware/templates/rescues/routing_error.html.erb within rescues/layout
  Rendering /Users/XXXGOHUSKIESXXX/.rbenv/versions/2.4.1/lib/ruby/gems/2.4.0/gems/actionpack-5.0.3/lib/action_dispatch/middleware/templates/rescues/_trace.html.erb
  Rendered /Users/XXXGOHUSKIESXXX/.rbenv/versions/2.4.1/lib/ruby/gems/2.4.0/gems/actionpack-5.0.3/lib/action_dispatch/middleware/templates/rescues/_trace.html.erb (1.7ms)
  Rendered collection of /Users/XXXGOHUSKIESXXX/.rbenv/versions/2.4.1/lib/ruby/gems/2.4.0/gems/actionpack-5.0.3/lib/action_dispatch/middleware/templates/routes/_route.html.erb [8 times] (13.4ms)
  Rendered /Users/XXXGOHUSKIESXXX/.rbenv/versions/2.4.1/lib/ruby/gems/2.4.0/gems/actionpack-5.0.3/lib/action_dispatch/middleware/templates/routes/_table.html.erb (1.1ms)
  Rendering /Users/XXXGOHUSKIESXXX/.rbenv/versions/2.4.1/lib/ruby/gems/2.4.0/gems/actionpack-5.0.3/lib/action_dispatch/middleware/templates/rescues/_request_and_response.html.erb
  Rendered /Users/XXXGOHUSKIESXXX/.rbenv/versions/2.4.1/lib/ruby/gems/2.4.0/gems/actionpack-5.0.3/lib/action_dispatch/middleware/templates/rescues/_request_and_response.html.erb (1.4ms)
  Rendered /Users/XXXGOHUSKIESXXX/.rbenv/versions/2.4.1/lib/ruby/gems/2.4.0/gems/actionpack-5.0.3/lib/action_dispatch/middleware/templates/rescues/routing_error.html.erb within rescues/layout (134.9ms)
Started GET "/products/1" for 127.0.0.1 at 2017-06-05 20:36:51 -0500
Processing by ProductsController#show as HTML
  Parameters: {"id"=>"1"}
  [1m[36mProduct Load (0.2ms)[0m  [1m[34mSELECT  "products".* FROM "products" WHERE "products"."id" = ? LIMIT ?[0m  [["id", 1], ["LIMIT", 1]]
  Rendering products/show.html.erb within layouts/application
  Rendered products/show.html.erb within layouts/application (1.0ms)
Completed 200 OK in 66ms (Views: 22.2ms | ActiveRecord: 0.2ms)


Started GET "/images/7apps.jpg" for 127.0.0.1 at 2017-06-05 20:36:52 -0500
  
ActionController::RoutingError (No route matches [GET] "/images/7apps.jpg"):
  
actionpack (5.0.3) lib/action_dispatch/middleware/debug_exceptions.rb:53:in `call'
web-console (3.5.1) lib/web_console/middleware.rb:135:in `call_app'
web-console (3.5.1) lib/web_console/middleware.rb:28:in `block in call'
web-console (3.5.1) lib/web_console/middleware.rb:18:in `catch'
web-console (3.5.1) lib/web_console/middleware.rb:18:in `call'
actionpack (5.0.3) lib/action_dispatch/middleware/show_exceptions.rb:31:in `call'
railties (5.0.3) lib/rails/rack/logger.rb:36:in `call_app'
railties (5.0.3) lib/rails/rack/logger.rb:24:in `block in call'
activesupport (5.0.3) lib/active_support/tagged_logging.rb:69:in `block in tagged'
activesupport (5.0.3) lib/active_support/tagged_logging.rb:26:in `tagged'
activesupport (5.0.3) lib/active_support/tagged_logging.rb:69:in `tagged'
railties (5.0.3) lib/rails/rack/logger.rb:24:in `call'
sprockets-rails (3.2.0) lib/sprockets/rails/quiet_assets.rb:13:in `call'
actionpack (5.0.3) lib/action_dispatch/middleware/request_id.rb:24:in `call'
rack (2.0.3) lib/rack/method_override.rb:22:in `call'
rack (2.0.3) lib/rack/runtime.rb:22:in `call'
activesupport (5.0.3) lib/active_support/cache/strategy/local_cache_middleware.rb:28:in `call'
actionpack (5.0.3) lib/action_dispatch/middleware/executor.rb:12:in `call'
actionpack (5.0.3) lib/action_dispatch/middleware/static.rb:136:in `call'
rack (2.0.3) lib/rack/sendfile.rb:111:in `call'
railties (5.0.3) lib/rails/engine.rb:522:in `call'
puma (3.9.1) lib/puma/configuration.rb:224:in `call'
puma (3.9.1) lib/puma/server.rb:602:in `handle_request'
puma (3.9.1) lib/puma/server.rb:435:in `process_client'
puma (3.9.1) lib/puma/server.rb:299:in `block in run'
puma (3.9.1) lib/puma/thread_pool.rb:120:in `block in spawn_thread'
  Rendering /Users/XXXGOHUSKIESXXX/.rbenv/versions/2.4.1/lib/ruby/gems/2.4.0/gems/actionpack-5.0.3/lib/action_dispatch/middleware/templates/rescues/routing_error.html.erb within rescues/layout
  Rendering /Users/XXXGOHUSKIESXXX/.rbenv/versions/2.4.1/lib/ruby/gems/2.4.0/gems/actionpack-5.0.3/lib/action_dispatch/middleware/templates/rescues/_trace.html.erb
  Rendered /Users/XXXGOHUSKIESXXX/.rbenv/versions/2.4.1/lib/ruby/gems/2.4.0/gems/actionpack-5.0.3/lib/action_dispatch/middleware/templates/rescues/_trace.html.erb (1.1ms)
  Rendered collection of /Users/XXXGOHUSKIESXXX/.rbenv/versions/2.4.1/lib/ruby/gems/2.4.0/gems/actionpack-5.0.3/lib/action_dispatch/middleware/templates/routes/_route.html.erb [8 times] (2.5ms)
  Rendered /Users/XXXGOHUSKIESXXX/.rbenv/versions/2.4.1/lib/ruby/gems/2.4.0/gems/actionpack-5.0.3/lib/action_dispatch/middleware/templates/routes/_table.html.erb (1.0ms)
  Rendering /Users/XXXGOHUSKIESXXX/.rbenv/versions/2.4.1/lib/ruby/gems/2.4.0/gems/actionpack-5.0.3/lib/action_dispatch/middleware/templates/rescues/_request_and_response.html.erb
  Rendered /Users/XXXGOHUSKIESXXX/.rbenv/versions/2.4.1/lib/ruby/gems/2.4.0/gems/actionpack-5.0.3/lib/action_dispatch/middleware/templates/rescues/_request_and_response.html.erb (1.0ms)
  Rendered /Users/XXXGOHUSKIESXXX/.rbenv/versions/2.4.1/lib/ruby/gems/2.4.0/gems/actionpack-5.0.3/lib/action_dispatch/middleware/templates/rescues/routing_error.html.erb within rescues/layout (112.2ms)
Started GET "/products" for 127.0.0.1 at 2017-06-05 20:36:54 -0500
Processing by ProductsController#index as HTML
  Rendering products/index.html.erb within layouts/application
Started GET "/images/7apps.jpg" for 127.0.0.1 at 2017-06-05 20:36:54 -0500
  [1m[36mProduct Load (0.2ms)[0m  [1m[34mSELECT "products".* FROM "products"[0m
  
ActionController::RoutingError (No route matches [GET] "/images/7apps.jpg"):
  
actionpack (5.0.3) lib/action_dispatch/middleware/debug_exceptions.rb:53:in `call'
web-console (3.5.1) lib/web_console/middleware.rb:135:in `call_app'
web-console (3.5.1) lib/web_console/middleware.rb:28:in `block in call'
web-console (3.5.1) lib/web_console/middleware.rb:18:in `catch'
web-console (3.5.1) lib/web_console/middleware.rb:18:in `call'
actionpack (5.0.3) lib/action_dispatch/middleware/show_exceptions.rb:31:in `call'
railties (5.0.3) lib/rails/rack/logger.rb:36:in `call_app'
railties (5.0.3) lib/rails/rack/logger.rb:24:in `block in call'
activesupport (5.0.3) lib/active_support/tagged_logging.rb:69:in `block in tagged'
activesupport (5.0.3) lib/active_support/tagged_logging.rb:26:in `tagged'
activesupport (5.0.3) lib/active_support/tagged_logging.rb:69:in `tagged'
railties (5.0.3) lib/rails/rack/logger.rb:24:in `call'
sprockets-rails (3.2.0) lib/sprockets/rails/quiet_assets.rb:13:in `call'
actionpack (5.0.3) lib/action_dispatch/middleware/request_id.rb:24:in `call'
rack (2.0.3) lib/rack/method_override.rb:22:in `call'
rack (2.0.3) lib/rack/runtime.rb:22:in `call'
activesupport (5.0.3) lib/active_support/cache/strategy/local_cache_middleware.rb:28:in `call'
actionpack (5.0.3) lib/action_dispatch/middleware/executor.rb:12:in `call'
actionpack (5.0.3) lib/action_dispatch/middleware/static.rb:136:in `call'
rack (2.0.3) lib/rack/sendfile.rb:111:in `call'
railties (5.0.3) lib/rails/engine.rb:522:in `call'
puma (3.9.1) lib/puma/configuration.rb:224:in `call'
puma (3.9.1) lib/puma/server.rb:602:in `handle_request'
puma (3.9.1) lib/puma/server.rb:435:in `process_client'
puma (3.9.1) lib/puma/server.rb:299:in `block in run'
puma (3.9.1) lib/puma/thread_pool.rb:120:in `block in spawn_thread'
  Rendered products/index.html.erb within layouts/application (50.4ms)
  Rendering /Users/XXXGOHUSKIESXXX/.rbenv/versions/2.4.1/lib/ruby/gems/2.4.0/gems/actionpack-5.0.3/lib/action_dispatch/middleware/templates/rescues/routing_error.html.erb within rescues/layout
  Rendering /Users/XXXGOHUSKIESXXX/.rbenv/versions/2.4.1/lib/ruby/gems/2.4.0/gems/actionpack-5.0.3/lib/action_dispatch/middleware/templates/rescues/_trace.html.erb
  Rendered /Users/XXXGOHUSKIESXXX/.rbenv/versions/2.4.1/lib/ruby/gems/2.4.0/gems/actionpack-5.0.3/lib/action_dispatch/middleware/templates/rescues/_trace.html.erb (1.2ms)
  Rendered collection of /Users/XXXGOHUSKIESXXX/.rbenv/versions/2.4.1/lib/ruby/gems/2.4.0/gems/actionpack-5.0.3/lib/action_dispatch/middleware/templates/routes/_route.html.erb [8 times] (2.5ms)
  Rendered /Users/XXXGOHUSKIESXXX/.rbenv/versions/2.4.1/lib/ruby/gems/2.4.0/gems/actionpack-5.0.3/lib/action_dispatch/middleware/templates/routes/_table.html.erb (1.0ms)
Completed 200 OK in 164ms (Views: 160.3ms | ActiveRecord: 0.2ms)


  Rendering /Users/XXXGOHUSKIESXXX/.rbenv/versions/2.4.1/lib/ruby/gems/2.4.0/gems/actionpack-5.0.3/lib/action_dispatch/middleware/templates/rescues/_request_and_response.html.erb
  Rendered /Users/XXXGOHUSKIESXXX/.rbenv/versions/2.4.1/lib/ruby/gems/2.4.0/gems/actionpack-5.0.3/lib/action_dispatch/middleware/templates/rescues/_request_and_response.html.erb (1.2ms)
  Rendered /Users/XXXGOHUSKIESXXX/.rbenv/versions/2.4.1/lib/ruby/gems/2.4.0/gems/actionpack-5.0.3/lib/action_dispatch/middleware/templates/rescues/routing_error.html.erb within rescues/layout (126.1ms)
Started GET "/products/2/edit" for 127.0.0.1 at 2017-06-05 20:37:01 -0500
Processing by ProductsController#edit as HTML
  Parameters: {"id"=>"2"}
  [1m[36mProduct Load (0.1ms)[0m  [1m[34mSELECT  "products".* FROM "products" WHERE "products"."id" = ? LIMIT ?[0m  [["id", 2], ["LIMIT", 1]]
  Rendering products/edit.html.erb within layouts/application
  Rendered products/_form.html.erb (57.7ms)
  Rendered products/edit.html.erb within layouts/application (59.9ms)
Completed 200 OK in 94ms (Views: 80.1ms | ActiveRecord: 0.1ms)


Started GET "/images/7apps.jpg" for 127.0.0.1 at 2017-06-05 20:37:01 -0500
  
ActionController::RoutingError (No route matches [GET] "/images/7apps.jpg"):
  
actionpack (5.0.3) lib/action_dispatch/middleware/debug_exceptions.rb:53:in `call'
web-console (3.5.1) lib/web_console/middleware.rb:135:in `call_app'
web-console (3.5.1) lib/web_console/middleware.rb:28:in `block in call'
web-console (3.5.1) lib/web_console/middleware.rb:18:in `catch'
web-console (3.5.1) lib/web_console/middleware.rb:18:in `call'
actionpack (5.0.3) lib/action_dispatch/middleware/show_exceptions.rb:31:in `call'
railties (5.0.3) lib/rails/rack/logger.rb:36:in `call_app'
railties (5.0.3) lib/rails/rack/logger.rb:24:in `block in call'
activesupport (5.0.3) lib/active_support/tagged_logging.rb:69:in `block in tagged'
activesupport (5.0.3) lib/active_support/tagged_logging.rb:26:in `tagged'
activesupport (5.0.3) lib/active_support/tagged_logging.rb:69:in `tagged'
railties (5.0.3) lib/rails/rack/logger.rb:24:in `call'
sprockets-rails (3.2.0) lib/sprockets/rails/quiet_assets.rb:13:in `call'
actionpack (5.0.3) lib/action_dispatch/middleware/request_id.rb:24:in `call'
rack (2.0.3) lib/rack/method_override.rb:22:in `call'
rack (2.0.3) lib/rack/runtime.rb:22:in `call'
activesupport (5.0.3) lib/active_support/cache/strategy/local_cache_middleware.rb:28:in `call'
actionpack (5.0.3) lib/action_dispatch/middleware/executor.rb:12:in `call'
actionpack (5.0.3) lib/action_dispatch/middleware/static.rb:136:in `call'
rack (2.0.3) lib/rack/sendfile.rb:111:in `call'
railties (5.0.3) lib/rails/engine.rb:522:in `call'
puma (3.9.1) lib/puma/configuration.rb:224:in `call'
puma (3.9.1) lib/puma/server.rb:602:in `handle_request'
puma (3.9.1) lib/puma/server.rb:435:in `process_client'
puma (3.9.1) lib/puma/server.rb:299:in `block in run'
puma (3.9.1) lib/puma/thread_pool.rb:120:in `block in spawn_thread'
  Rendering /Users/XXXGOHUSKIESXXX/.rbenv/versions/2.4.1/lib/ruby/gems/2.4.0/gems/actionpack-5.0.3/lib/action_dispatch/middleware/templates/rescues/routing_error.html.erb within rescues/layout
  Rendering /Users/XXXGOHUSKIESXXX/.rbenv/versions/2.4.1/lib/ruby/gems/2.4.0/gems/actionpack-5.0.3/lib/action_dispatch/middleware/templates/rescues/_trace.html.erb
  Rendered /Users/XXXGOHUSKIESXXX/.rbenv/versions/2.4.1/lib/ruby/gems/2.4.0/gems/actionpack-5.0.3/lib/action_dispatch/middleware/templates/rescues/_trace.html.erb (1.1ms)
  Rendered collection of /Users/XXXGOHUSKIESXXX/.rbenv/versions/2.4.1/lib/ruby/gems/2.4.0/gems/actionpack-5.0.3/lib/action_dispatch/middleware/templates/routes/_route.html.erb [8 times] (2.7ms)
  Rendered /Users/XXXGOHUSKIESXXX/.rbenv/versions/2.4.1/lib/ruby/gems/2.4.0/gems/actionpack-5.0.3/lib/action_dispatch/middleware/templates/routes/_table.html.erb (1.2ms)
  Rendering /Users/XXXGOHUSKIESXXX/.rbenv/versions/2.4.1/lib/ruby/gems/2.4.0/gems/actionpack-5.0.3/lib/action_dispatch/middleware/templates/rescues/_request_and_response.html.erb
  Rendered /Users/XXXGOHUSKIESXXX/.rbenv/versions/2.4.1/lib/ruby/gems/2.4.0/gems/actionpack-5.0.3/lib/action_dispatch/middleware/templates/rescues/_request_and_response.html.erb (1.0ms)
  Rendered /Users/XXXGOHUSKIESXXX/.rbenv/versions/2.4.1/lib/ruby/gems/2.4.0/gems/actionpack-5.0.3/lib/action_dispatch/middleware/templates/rescues/routing_error.html.erb within rescues/layout (116.4ms)
Started GET "/images/7apps.jpg" for 127.0.0.1 at 2017-06-05 20:37:11 -0500
  
ActionController::RoutingError (No route matches [GET] "/images/7apps.jpg"):
  
actionpack (5.0.3) lib/action_dispatch/middleware/debug_exceptions.rb:53:in `call'
web-console (3.5.1) lib/web_console/middleware.rb:135:in `call_app'
web-console (3.5.1) lib/web_console/middleware.rb:28:in `block in call'
web-console (3.5.1) lib/web_console/middleware.rb:18:in `catch'
web-console (3.5.1) lib/web_console/middleware.rb:18:in `call'
actionpack (5.0.3) lib/action_dispatch/middleware/show_exceptions.rb:31:in `call'
railties (5.0.3) lib/rails/rack/logger.rb:36:in `call_app'
railties (5.0.3) lib/rails/rack/logger.rb:24:in `block in call'
activesupport (5.0.3) lib/active_support/tagged_logging.rb:69:in `block in tagged'
activesupport (5.0.3) lib/active_support/tagged_logging.rb:26:in `tagged'
activesupport (5.0.3) lib/active_support/tagged_logging.rb:69:in `tagged'
railties (5.0.3) lib/rails/rack/logger.rb:24:in `call'
sprockets-rails (3.2.0) lib/sprockets/rails/quiet_assets.rb:13:in `call'
actionpack (5.0.3) lib/action_dispatch/middleware/request_id.rb:24:in `call'
rack (2.0.3) lib/rack/method_override.rb:22:in `call'
rack (2.0.3) lib/rack/runtime.rb:22:in `call'
activesupport (5.0.3) lib/active_support/cache/strategy/local_cache_middleware.rb:28:in `call'
actionpack (5.0.3) lib/action_dispatch/middleware/executor.rb:12:in `call'
actionpack (5.0.3) lib/action_dispatch/middleware/static.rb:136:in `call'
rack (2.0.3) lib/rack/sendfile.rb:111:in `call'
railties (5.0.3) lib/rails/engine.rb:522:in `call'
puma (3.9.1) lib/puma/configuration.rb:224:in `call'
puma (3.9.1) lib/puma/server.rb:602:in `handle_request'
puma (3.9.1) lib/puma/server.rb:435:in `process_client'
puma (3.9.1) lib/puma/server.rb:299:in `block in run'
puma (3.9.1) lib/puma/thread_pool.rb:120:in `block in spawn_thread'
  Rendering /Users/XXXGOHUSKIESXXX/.rbenv/versions/2.4.1/lib/ruby/gems/2.4.0/gems/actionpack-5.0.3/lib/action_dispatch/middleware/templates/rescues/routing_error.html.erb within rescues/layout
  Rendering /Users/XXXGOHUSKIESXXX/.rbenv/versions/2.4.1/lib/ruby/gems/2.4.0/gems/actionpack-5.0.3/lib/action_dispatch/middleware/templates/rescues/_trace.html.erb
  Rendered /Users/XXXGOHUSKIESXXX/.rbenv/versions/2.4.1/lib/ruby/gems/2.4.0/gems/actionpack-5.0.3/lib/action_dispatch/middleware/templates/rescues/_trace.html.erb (1.5ms)
  Rendered collection of /Users/XXXGOHUSKIESXXX/.rbenv/versions/2.4.1/lib/ruby/gems/2.4.0/gems/actionpack-5.0.3/lib/action_dispatch/middleware/templates/routes/_route.html.erb [8 times] (2.6ms)
  Rendered /Users/XXXGOHUSKIESXXX/.rbenv/versions/2.4.1/lib/ruby/gems/2.4.0/gems/actionpack-5.0.3/lib/action_dispatch/middleware/templates/routes/_table.html.erb (1.1ms)
  Rendering /Users/XXXGOHUSKIESXXX/.rbenv/versions/2.4.1/lib/ruby/gems/2.4.0/gems/actionpack-5.0.3/lib/action_dispatch/middleware/templates/rescues/_request_and_response.html.erb
  Rendered /Users/XXXGOHUSKIESXXX/.rbenv/versions/2.4.1/lib/ruby/gems/2.4.0/gems/actionpack-5.0.3/lib/action_dispatch/middleware/templates/rescues/_request_and_response.html.erb (1.1ms)
  Rendered /Users/XXXGOHUSKIESXXX/.rbenv/versions/2.4.1/lib/ruby/gems/2.4.0/gems/actionpack-5.0.3/lib/action_dispatch/middleware/templates/rescues/routing_error.html.erb within rescues/layout (118.3ms)
Started GET "/products/3/edit" for 127.0.0.1 at 2017-06-05 20:37:14 -0500
Processing by ProductsController#edit as HTML
  Parameters: {"id"=>"3"}
  [1m[36mProduct Load (12.4ms)[0m  [1m[34mSELECT  "products".* FROM "products" WHERE "products"."id" = ? LIMIT ?[0m  [["id", 3], ["LIMIT", 1]]
  Rendering products/edit.html.erb within layouts/application
  Rendered products/_form.html.erb (2.6ms)
  Rendered products/edit.html.erb within layouts/application (4.6ms)
Completed 200 OK in 42ms (Views: 26.6ms | ActiveRecord: 12.4ms)


Started GET "/images/7apps.jpg" for 127.0.0.1 at 2017-06-05 20:37:14 -0500
  
ActionController::RoutingError (No route matches [GET] "/images/7apps.jpg"):
  
actionpack (5.0.3) lib/action_dispatch/middleware/debug_exceptions.rb:53:in `call'
web-console (3.5.1) lib/web_console/middleware.rb:135:in `call_app'
web-console (3.5.1) lib/web_console/middleware.rb:28:in `block in call'
web-console (3.5.1) lib/web_console/middleware.rb:18:in `catch'
web-console (3.5.1) lib/web_console/middleware.rb:18:in `call'
actionpack (5.0.3) lib/action_dispatch/middleware/show_exceptions.rb:31:in `call'
railties (5.0.3) lib/rails/rack/logger.rb:36:in `call_app'
railties (5.0.3) lib/rails/rack/logger.rb:24:in `block in call'
activesupport (5.0.3) lib/active_support/tagged_logging.rb:69:in `block in tagged'
activesupport (5.0.3) lib/active_support/tagged_logging.rb:26:in `tagged'
activesupport (5.0.3) lib/active_support/tagged_logging.rb:69:in `tagged'
railties (5.0.3) lib/rails/rack/logger.rb:24:in `call'
sprockets-rails (3.2.0) lib/sprockets/rails/quiet_assets.rb:13:in `call'
actionpack (5.0.3) lib/action_dispatch/middleware/request_id.rb:24:in `call'
rack (2.0.3) lib/rack/method_override.rb:22:in `call'
rack (2.0.3) lib/rack/runtime.rb:22:in `call'
activesupport (5.0.3) lib/active_support/cache/strategy/local_cache_middleware.rb:28:in `call'
actionpack (5.0.3) lib/action_dispatch/middleware/executor.rb:12:in `call'
actionpack (5.0.3) lib/action_dispatch/middleware/static.rb:136:in `call'
rack (2.0.3) lib/rack/sendfile.rb:111:in `call'
railties (5.0.3) lib/rails/engine.rb:522:in `call'
puma (3.9.1) lib/puma/configuration.rb:224:in `call'
puma (3.9.1) lib/puma/server.rb:602:in `handle_request'
puma (3.9.1) lib/puma/server.rb:435:in `process_client'
puma (3.9.1) lib/puma/server.rb:299:in `block in run'
puma (3.9.1) lib/puma/thread_pool.rb:120:in `block in spawn_thread'
  Rendering /Users/XXXGOHUSKIESXXX/.rbenv/versions/2.4.1/lib/ruby/gems/2.4.0/gems/actionpack-5.0.3/lib/action_dispatch/middleware/templates/rescues/routing_error.html.erb within rescues/layout
  Rendering /Users/XXXGOHUSKIESXXX/.rbenv/versions/2.4.1/lib/ruby/gems/2.4.0/gems/actionpack-5.0.3/lib/action_dispatch/middleware/templates/rescues/_trace.html.erb
  Rendered /Users/XXXGOHUSKIESXXX/.rbenv/versions/2.4.1/lib/ruby/gems/2.4.0/gems/actionpack-5.0.3/lib/action_dispatch/middleware/templates/rescues/_trace.html.erb (1.3ms)
  Rendered collection of /Users/XXXGOHUSKIESXXX/.rbenv/versions/2.4.1/lib/ruby/gems/2.4.0/gems/actionpack-5.0.3/lib/action_dispatch/middleware/templates/routes/_route.html.erb [8 times] (2.8ms)
  Rendered /Users/XXXGOHUSKIESXXX/.rbenv/versions/2.4.1/lib/ruby/gems/2.4.0/gems/actionpack-5.0.3/lib/action_dispatch/middleware/templates/routes/_table.html.erb (1.0ms)
  Rendering /Users/XXXGOHUSKIESXXX/.rbenv/versions/2.4.1/lib/ruby/gems/2.4.0/gems/actionpack-5.0.3/lib/action_dispatch/middleware/templates/rescues/_request_and_response.html.erb
  Rendered /Users/XXXGOHUSKIESXXX/.rbenv/versions/2.4.1/lib/ruby/gems/2.4.0/gems/actionpack-5.0.3/lib/action_dispatch/middleware/templates/rescues/_request_and_response.html.erb (1.1ms)
  Rendered /Users/XXXGOHUSKIESXXX/.rbenv/versions/2.4.1/lib/ruby/gems/2.4.0/gems/actionpack-5.0.3/lib/action_dispatch/middleware/templates/rescues/routing_error.html.erb within rescues/layout (117.6ms)
Started GET "/images/7apps.jpg" for 127.0.0.1 at 2017-06-05 20:37:17 -0500
  
ActionController::RoutingError (No route matches [GET] "/images/7apps.jpg"):
  
actionpack (5.0.3) lib/action_dispatch/middleware/debug_exceptions.rb:53:in `call'
web-console (3.5.1) lib/web_console/middleware.rb:135:in `call_app'
web-console (3.5.1) lib/web_console/middleware.rb:28:in `block in call'
web-console (3.5.1) lib/web_console/middleware.rb:18:in `catch'
web-console (3.5.1) lib/web_console/middleware.rb:18:in `call'
actionpack (5.0.3) lib/action_dispatch/middleware/show_exceptions.rb:31:in `call'
railties (5.0.3) lib/rails/rack/logger.rb:36:in `call_app'
railties (5.0.3) lib/rails/rack/logger.rb:24:in `block in call'
activesupport (5.0.3) lib/active_support/tagged_logging.rb:69:in `block in tagged'
activesupport (5.0.3) lib/active_support/tagged_logging.rb:26:in `tagged'
activesupport (5.0.3) lib/active_support/tagged_logging.rb:69:in `tagged'
railties (5.0.3) lib/rails/rack/logger.rb:24:in `call'
sprockets-rails (3.2.0) lib/sprockets/rails/quiet_assets.rb:13:in `call'
actionpack (5.0.3) lib/action_dispatch/middleware/request_id.rb:24:in `call'
rack (2.0.3) lib/rack/method_override.rb:22:in `call'
rack (2.0.3) lib/rack/runtime.rb:22:in `call'
activesupport (5.0.3) lib/active_support/cache/strategy/local_cache_middleware.rb:28:in `call'
actionpack (5.0.3) lib/action_dispatch/middleware/executor.rb:12:in `call'
actionpack (5.0.3) lib/action_dispatch/middleware/static.rb:136:in `call'
rack (2.0.3) lib/rack/sendfile.rb:111:in `call'
railties (5.0.3) lib/rails/engine.rb:522:in `call'
puma (3.9.1) lib/puma/configuration.rb:224:in `call'
puma (3.9.1) lib/puma/server.rb:602:in `handle_request'
puma (3.9.1) lib/puma/server.rb:435:in `process_client'
puma (3.9.1) lib/puma/server.rb:299:in `block in run'
puma (3.9.1) lib/puma/thread_pool.rb:120:in `block in spawn_thread'
  Rendering /Users/XXXGOHUSKIESXXX/.rbenv/versions/2.4.1/lib/ruby/gems/2.4.0/gems/actionpack-5.0.3/lib/action_dispatch/middleware/templates/rescues/routing_error.html.erb within rescues/layout
  Rendering /Users/XXXGOHUSKIESXXX/.rbenv/versions/2.4.1/lib/ruby/gems/2.4.0/gems/actionpack-5.0.3/lib/action_dispatch/middleware/templates/rescues/_trace.html.erb
  Rendered /Users/XXXGOHUSKIESXXX/.rbenv/versions/2.4.1/lib/ruby/gems/2.4.0/gems/actionpack-5.0.3/lib/action_dispatch/middleware/templates/rescues/_trace.html.erb (1.6ms)
  Rendered collection of /Users/XXXGOHUSKIESXXX/.rbenv/versions/2.4.1/lib/ruby/gems/2.4.0/gems/actionpack-5.0.3/lib/action_dispatch/middleware/templates/routes/_route.html.erb [8 times] (2.6ms)
  Rendered /Users/XXXGOHUSKIESXXX/.rbenv/versions/2.4.1/lib/ruby/gems/2.4.0/gems/actionpack-5.0.3/lib/action_dispatch/middleware/templates/routes/_table.html.erb (1.6ms)
  Rendering /Users/XXXGOHUSKIESXXX/.rbenv/versions/2.4.1/lib/ruby/gems/2.4.0/gems/actionpack-5.0.3/lib/action_dispatch/middleware/templates/rescues/_request_and_response.html.erb
  Rendered /Users/XXXGOHUSKIESXXX/.rbenv/versions/2.4.1/lib/ruby/gems/2.4.0/gems/actionpack-5.0.3/lib/action_dispatch/middleware/templates/rescues/_request_and_response.html.erb (0.9ms)
  Rendered /Users/XXXGOHUSKIESXXX/.rbenv/versions/2.4.1/lib/ruby/gems/2.4.0/gems/actionpack-5.0.3/lib/action_dispatch/middleware/templates/rescues/routing_error.html.erb within rescues/layout (118.8ms)
Started GET "/products/1/edit" for 127.0.0.1 at 2017-06-05 20:37:20 -0500
Processing by ProductsController#edit as HTML
  Parameters: {"id"=>"1"}
  [1m[36mProduct Load (0.1ms)[0m  [1m[34mSELECT  "products".* FROM "products" WHERE "products"."id" = ? LIMIT ?[0m  [["id", 1], ["LIMIT", 1]]
  Rendering products/edit.html.erb within layouts/application
  Rendered products/_form.html.erb (3.3ms)
  Rendered products/edit.html.erb within layouts/application (6.1ms)
Completed 200 OK in 31ms (Views: 27.2ms | ActiveRecord: 0.1ms)


Started GET "/images/7apps.jpg" for 127.0.0.1 at 2017-06-05 20:37:20 -0500
  
ActionController::RoutingError (No route matches [GET] "/images/7apps.jpg"):
  
actionpack (5.0.3) lib/action_dispatch/middleware/debug_exceptions.rb:53:in `call'
web-console (3.5.1) lib/web_console/middleware.rb:135:in `call_app'
web-console (3.5.1) lib/web_console/middleware.rb:28:in `block in call'
web-console (3.5.1) lib/web_console/middleware.rb:18:in `catch'
web-console (3.5.1) lib/web_console/middleware.rb:18:in `call'
actionpack (5.0.3) lib/action_dispatch/middleware/show_exceptions.rb:31:in `call'
railties (5.0.3) lib/rails/rack/logger.rb:36:in `call_app'
railties (5.0.3) lib/rails/rack/logger.rb:24:in `block in call'
activesupport (5.0.3) lib/active_support/tagged_logging.rb:69:in `block in tagged'
activesupport (5.0.3) lib/active_support/tagged_logging.rb:26:in `tagged'
activesupport (5.0.3) lib/active_support/tagged_logging.rb:69:in `tagged'
railties (5.0.3) lib/rails/rack/logger.rb:24:in `call'
sprockets-rails (3.2.0) lib/sprockets/rails/quiet_assets.rb:13:in `call'
actionpack (5.0.3) lib/action_dispatch/middleware/request_id.rb:24:in `call'
rack (2.0.3) lib/rack/method_override.rb:22:in `call'
rack (2.0.3) lib/rack/runtime.rb:22:in `call'
activesupport (5.0.3) lib/active_support/cache/strategy/local_cache_middleware.rb:28:in `call'
actionpack (5.0.3) lib/action_dispatch/middleware/executor.rb:12:in `call'
actionpack (5.0.3) lib/action_dispatch/middleware/static.rb:136:in `call'
rack (2.0.3) lib/rack/sendfile.rb:111:in `call'
railties (5.0.3) lib/rails/engine.rb:522:in `call'
puma (3.9.1) lib/puma/configuration.rb:224:in `call'
puma (3.9.1) lib/puma/server.rb:602:in `handle_request'
puma (3.9.1) lib/puma/server.rb:435:in `process_client'
puma (3.9.1) lib/puma/server.rb:299:in `block in run'
puma (3.9.1) lib/puma/thread_pool.rb:120:in `block in spawn_thread'
  Rendering /Users/XXXGOHUSKIESXXX/.rbenv/versions/2.4.1/lib/ruby/gems/2.4.0/gems/actionpack-5.0.3/lib/action_dispatch/middleware/templates/rescues/routing_error.html.erb within rescues/layout
  Rendering /Users/XXXGOHUSKIESXXX/.rbenv/versions/2.4.1/lib/ruby/gems/2.4.0/gems/actionpack-5.0.3/lib/action_dispatch/middleware/templates/rescues/_trace.html.erb
  Rendered /Users/XXXGOHUSKIESXXX/.rbenv/versions/2.4.1/lib/ruby/gems/2.4.0/gems/actionpack-5.0.3/lib/action_dispatch/middleware/templates/rescues/_trace.html.erb (1.5ms)
  Rendered collection of /Users/XXXGOHUSKIESXXX/.rbenv/versions/2.4.1/lib/ruby/gems/2.4.0/gems/actionpack-5.0.3/lib/action_dispatch/middleware/templates/routes/_route.html.erb [8 times] (2.9ms)
  Rendered /Users/XXXGOHUSKIESXXX/.rbenv/versions/2.4.1/lib/ruby/gems/2.4.0/gems/actionpack-5.0.3/lib/action_dispatch/middleware/templates/routes/_table.html.erb (1.0ms)
  Rendering /Users/XXXGOHUSKIESXXX/.rbenv/versions/2.4.1/lib/ruby/gems/2.4.0/gems/actionpack-5.0.3/lib/action_dispatch/middleware/templates/rescues/_request_and_response.html.erb
  Rendered /Users/XXXGOHUSKIESXXX/.rbenv/versions/2.4.1/lib/ruby/gems/2.4.0/gems/actionpack-5.0.3/lib/action_dispatch/middleware/templates/rescues/_request_and_response.html.erb (1.0ms)
  Rendered /Users/XXXGOHUSKIESXXX/.rbenv/versions/2.4.1/lib/ruby/gems/2.4.0/gems/actionpack-5.0.3/lib/action_dispatch/middleware/templates/rescues/routing_error.html.erb within rescues/layout (115.8ms)
Started PATCH "/products/1" for 127.0.0.1 at 2017-06-05 20:37:35 -0500
Processing by ProductsController#update as HTML
  Parameters: {"utf8"=>"✓", "authenticity_token"=>"VDs5cxLzF4iOSjB9H+maex+aufNyqNm4sYeNg/RlkPXHoByPAydkcQVrPwX+BLT7gYFvZIVqE3YVTxR6QDXsRw==", "product"=>{"title"=>"Seven Mobile Apps", "description"=>"<p>\r\n<em>Native Apps, Multiple platforms</em>\r\nAnswer the question \"Can we build this for ALL the devices?\" with a resounding YES.  This book will help you get there with a real-world introduction to seven platforms, whether you're new to mobile or an experienced developer needing to expand your options.  Plus, you'll find out which cross-platform solution makes the most sense for your needs.\r\n</p>", "image_url"=>"7apps.jpg", "price"=>"26.0"}, "commit"=>"Update Product", "id"=>"1"}
  [1m[36mProduct Load (0.1ms)[0m  [1m[34mSELECT  "products".* FROM "products" WHERE "products"."id" = ? LIMIT ?[0m  [["id", 1], ["LIMIT", 1]]
  [1m[35m (0.1ms)[0m  [1m[36mbegin transaction[0m
  [1m[35mSQL (0.4ms)[0m  [1m[33mUPDATE "products" SET "image_url" = ?, "updated_at" = ? WHERE "products"."id" = ?[0m  [["image_url", "7apps.jpg"], ["updated_at", "2017-06-06 01:37:35.699710"], ["id", 1]]
  [1m[35m (1.4ms)[0m  [1m[36mcommit transaction[0m
Redirected to http://localhost:3000/products/1
Completed 302 Found in 6ms (ActiveRecord: 2.0ms)


Started GET "/products/1" for 127.0.0.1 at 2017-06-05 20:37:35 -0500
Processing by ProductsController#show as HTML
  Parameters: {"id"=>"1"}
  [1m[36mProduct Load (0.2ms)[0m  [1m[34mSELECT  "products".* FROM "products" WHERE "products"."id" = ? LIMIT ?[0m  [["id", 1], ["LIMIT", 1]]
  Rendering products/show.html.erb within layouts/application
  Rendered products/show.html.erb within layouts/application (0.8ms)
Completed 200 OK in 28ms (Views: 20.4ms | ActiveRecord: 0.2ms)


Started GET "/products" for 127.0.0.1 at 2017-06-05 20:37:37 -0500
Processing by ProductsController#index as HTML
  Rendering products/index.html.erb within layouts/application
  [1m[36mProduct Load (0.2ms)[0m  [1m[34mSELECT "products".* FROM "products"[0m
  Rendered products/index.html.erb within layouts/application (18.7ms)
Completed 200 OK in 43ms (Views: 40.2ms | ActiveRecord: 0.2ms)


Started GET "/products/1/edit" for 127.0.0.1 at 2017-06-05 20:38:27 -0500
Processing by ProductsController#edit as HTML
  Parameters: {"id"=>"1"}
  [1m[36mProduct Load (0.2ms)[0m  [1m[34mSELECT  "products".* FROM "products" WHERE "products"."id" = ? LIMIT ?[0m  [["id", 1], ["LIMIT", 1]]
  Rendering products/edit.html.erb within layouts/application
  Rendered products/_form.html.erb (2.9ms)
  Rendered products/edit.html.erb within layouts/application (5.2ms)
Completed 200 OK in 67ms (Views: 62.1ms | ActiveRecord: 0.2ms)


Started PATCH "/products/1" for 127.0.0.1 at 2017-06-05 20:38:40 -0500
Processing by ProductsController#update as HTML
  Parameters: {"utf8"=>"✓", "authenticity_token"=>"9j3SCllqCaCV+BNfD40MXEvZ4xd0IjZjgX9LAhC+Ba5lpvf2SL56WR7ZHCfuYCLc1cI1gIPg/K0lt9L7pO55HA==", "product"=>{"title"=>"Seven Mobile Apps", "description"=>"<p>\r\n<em>Native Apps, Multiple platforms</em>\r\nAnswer the question \"Can we build this for ALL the devices?\" with a resounding YES.  This book will help you get there with a real-world introduction to seven platforms, whether you're new to mobile or an experienced developer needing to expand your options.  Plus, you'll find out which cross-platform solution makes the most sense for your needs.\r\n</p>", "image_url"=>"adrpo.jpg", "price"=>"26.0"}, "commit"=>"Update Product", "id"=>"1"}
  [1m[36mProduct Load (0.5ms)[0m  [1m[34mSELECT  "products".* FROM "products" WHERE "products"."id" = ? LIMIT ?[0m  [["id", 1], ["LIMIT", 1]]
  [1m[35m (0.1ms)[0m  [1m[36mbegin transaction[0m
  [1m[35mSQL (0.3ms)[0m  [1m[33mUPDATE "products" SET "image_url" = ?, "updated_at" = ? WHERE "products"."id" = ?[0m  [["image_url", "adrpo.jpg"], ["updated_at", "2017-06-06 01:38:40.198117"], ["id", 1]]
  [1m[35m (2.4ms)[0m  [1m[36mcommit transaction[0m
Redirected to http://localhost:3000/products/1
Completed 302 Found in 7ms (ActiveRecord: 3.3ms)


Started GET "/products/1" for 127.0.0.1 at 2017-06-05 20:38:40 -0500
Processing by ProductsController#show as HTML
  Parameters: {"id"=>"1"}
  [1m[36mProduct Load (0.3ms)[0m  [1m[34mSELECT  "products".* FROM "products" WHERE "products"."id" = ? LIMIT ?[0m  [["id", 1], ["LIMIT", 1]]
  Rendering products/show.html.erb within layouts/application
  Rendered products/show.html.erb within layouts/application (0.9ms)
Completed 200 OK in 39ms (Views: 33.7ms | ActiveRecord: 0.3ms)


Started GET "/products" for 127.0.0.1 at 2017-06-05 20:38:41 -0500
Processing by ProductsController#index as HTML
  Rendering products/index.html.erb within layouts/application
  [1m[36mProduct Load (0.2ms)[0m  [1m[34mSELECT "products".* FROM "products"[0m
  Rendered products/index.html.erb within layouts/application (36.8ms)
Completed 200 OK in 61ms (Views: 57.4ms | ActiveRecord: 0.2ms)


Started GET "/products/1/edit" for 127.0.0.1 at 2017-06-05 20:38:46 -0500
Processing by ProductsController#edit as HTML
  Parameters: {"id"=>"1"}
  [1m[36mProduct Load (0.1ms)[0m  [1m[34mSELECT  "products".* FROM "products" WHERE "products"."id" = ? LIMIT ?[0m  [["id", 1], ["LIMIT", 1]]
  Rendering products/edit.html.erb within layouts/application
  Rendered products/_form.html.erb (2.8ms)
  Rendered products/edit.html.erb within layouts/application (5.1ms)
Completed 200 OK in 31ms (Views: 27.0ms | ActiveRecord: 0.1ms)


Started PATCH "/products/1" for 127.0.0.1 at 2017-06-05 20:38:55 -0500
Processing by ProductsController#update as HTML
  Parameters: {"utf8"=>"✓", "authenticity_token"=>"GDt3ZdUS81EIhoKzhrt+a/+AMpVNrErRPZbE+T1phr+LoFKZxMaAqIOnjctnVlDrYZvkArpugB+ZXl0AiTn6DQ==", "product"=>{"title"=>"Seven Mobile Apps", "description"=>"<p>\r\n<em>Native Apps, Multiple platforms</em>\r\nAnswer the question \"Can we build this for ALL the devices?\" with a resounding YES.  This book will help you get there with a real-world introduction to seven platforms, whether you're new to mobile or an experienced developer needing to expand your options.  Plus, you'll find out which cross-platform solution makes the most sense for your needs.\r\n</p>", "image_url"=>"dcbang.jpg", "price"=>"26.0"}, "commit"=>"Update Product", "id"=>"1"}
  [1m[36mProduct Load (0.2ms)[0m  [1m[34mSELECT  "products".* FROM "products" WHERE "products"."id" = ? LIMIT ?[0m  [["id", 1], ["LIMIT", 1]]
  [1m[35m (0.0ms)[0m  [1m[36mbegin transaction[0m
  [1m[35mSQL (0.4ms)[0m  [1m[33mUPDATE "products" SET "image_url" = ?, "updated_at" = ? WHERE "products"."id" = ?[0m  [["image_url", "dcbang.jpg"], ["updated_at", "2017-06-06 01:38:55.246841"], ["id", 1]]
  [1m[35m (1.3ms)[0m  [1m[36mcommit transaction[0m
Redirected to http://localhost:3000/products/1
Completed 302 Found in 6ms (ActiveRecord: 1.9ms)


Started GET "/products/1" for 127.0.0.1 at 2017-06-05 20:38:55 -0500
Processing by ProductsController#show as HTML
  Parameters: {"id"=>"1"}
  [1m[36mProduct Load (0.1ms)[0m  [1m[34mSELECT  "products".* FROM "products" WHERE "products"."id" = ? LIMIT ?[0m  [["id", 1], ["LIMIT", 1]]
  Rendering products/show.html.erb within layouts/application
  Rendered products/show.html.erb within layouts/application (1.1ms)
Completed 200 OK in 32ms (Views: 29.3ms | ActiveRecord: 0.1ms)


Started GET "/products" for 127.0.0.1 at 2017-06-05 20:38:56 -0500
Processing by ProductsController#index as HTML
  Rendering products/index.html.erb within layouts/application
  [1m[36mProduct Load (0.2ms)[0m  [1m[34mSELECT "products".* FROM "products"[0m
  Rendered products/index.html.erb within layouts/application (17.4ms)
Completed 200 OK in 43ms (Views: 39.2ms | ActiveRecord: 0.2ms)


Started GET "/products/3/edit" for 127.0.0.1 at 2017-06-05 20:38:59 -0500
Processing by ProductsController#edit as HTML
  Parameters: {"id"=>"3"}
  [1m[36mProduct Load (0.2ms)[0m  [1m[34mSELECT  "products".* FROM "products" WHERE "products"."id" = ? LIMIT ?[0m  [["id", 3], ["LIMIT", 1]]
  Rendering products/edit.html.erb within layouts/application
  Rendered products/_form.html.erb (2.9ms)
  Rendered products/edit.html.erb within layouts/application (5.2ms)
Completed 200 OK in 31ms (Views: 27.6ms | ActiveRecord: 0.2ms)


Started PATCH "/products/3" for 127.0.0.1 at 2017-06-05 20:39:07 -0500
Processing by ProductsController#update as HTML
  Parameters: {"utf8"=>"✓", "authenticity_token"=>"ExMGn5+N18d2+10QxZksbbvjTFQIbq60I9KIpITxrqa3vft5CJ3XfpUZ9tv5TA16m0EuL0I9gaKJeAyKPB2YCQ==", "product"=>{"title"=>"Seven Mobile Apps in Seven Weeks", "description"=>"<p>\r\n      <em>Native Apps, Multiple Platforms</em>\r\n      Answer the question \"Can we build this for ALL the devices?\" with a resounding YES. This book will help you get there with a real-world introduction to seven platforms, whether you're new to mobile or an experienced developer needing to expand your options. Plus, you'll find out which cross-platform solution makes the most sense for your needs. </p>", "image_url"=>"adrpo.jpg", "price"=>"26.0"}, "commit"=>"Update Product", "id"=>"3"}
  [1m[36mProduct Load (0.1ms)[0m  [1m[34mSELECT  "products".* FROM "products" WHERE "products"."id" = ? LIMIT ?[0m  [["id", 3], ["LIMIT", 1]]
  [1m[35m (0.1ms)[0m  [1m[36mbegin transaction[0m
  [1m[35mSQL (0.3ms)[0m  [1m[33mUPDATE "products" SET "description" = ?, "image_url" = ?, "updated_at" = ? WHERE "products"."id" = ?[0m  [["description", "<p>\r\n      <em>Native Apps, Multiple Platforms</em>\r\n      Answer the question \"Can we build this for ALL the devices?\" with a resounding YES. This book will help you get there with a real-world introduction to seven platforms, whether you're new to mobile or an experienced developer needing to expand your options. Plus, you'll find out which cross-platform solution makes the most sense for your needs. </p>"], ["image_url", "adrpo.jpg"], ["updated_at", "2017-06-06 01:39:07.706035"], ["id", 3]]
  [1m[35m (1.3ms)[0m  [1m[36mcommit transaction[0m
Redirected to http://localhost:3000/products/3
Completed 302 Found in 8ms (ActiveRecord: 1.9ms)


Started GET "/products/3" for 127.0.0.1 at 2017-06-05 20:39:07 -0500
Processing by ProductsController#show as HTML
  Parameters: {"id"=>"3"}
  [1m[36mProduct Load (0.1ms)[0m  [1m[34mSELECT  "products".* FROM "products" WHERE "products"."id" = ? LIMIT ?[0m  [["id", 3], ["LIMIT", 1]]
  Rendering products/show.html.erb within layouts/application
  Rendered products/show.html.erb within layouts/application (1.9ms)
Completed 200 OK in 33ms (Views: 30.4ms | ActiveRecord: 0.1ms)


Started GET "/products" for 127.0.0.1 at 2017-06-05 20:39:08 -0500
Processing by ProductsController#index as HTML
  Rendering products/index.html.erb within layouts/application
  [1m[36mProduct Load (0.2ms)[0m  [1m[34mSELECT "products".* FROM "products"[0m
  Rendered products/index.html.erb within layouts/application (6.7ms)
Completed 200 OK in 31ms (Views: 27.8ms | ActiveRecord: 0.2ms)


Started GET "/products" for 127.0.0.1 at 2017-06-05 20:59:45 -0500
  [1m[36mActiveRecord::SchemaMigration Load (0.6ms)[0m  [1m[34mSELECT "schema_migrations".* FROM "schema_migrations"[0m
Processing by ProductsController#index as HTML
  Rendering products/index.html.erb within layouts/application
  [1m[36mProduct Load (0.4ms)[0m  [1m[34mSELECT "products".* FROM "products"[0m
  Rendered products/index.html.erb within layouts/application (319.1ms)
Completed 200 OK in 418ms (Views: 393.6ms | ActiveRecord: 1.0ms)


Started GET "/products" for 127.0.0.1 at 2017-06-05 21:00:09 -0500
Processing by ProductsController#index as HTML
  Rendering products/index.html.erb within layouts/application
  [1m[36mProduct Load (0.3ms)[0m  [1m[34mSELECT "products".* FROM "products"[0m
  Rendered products/index.html.erb within layouts/application (7.2ms)
Completed 200 OK in 31ms (Views: 28.3ms | ActiveRecord: 0.3ms)


Started GET "/products/1" for 127.0.0.1 at 2017-06-05 21:00:29 -0500
Processing by ProductsController#show as HTML
  Parameters: {"id"=>"1"}
  [1m[36mProduct Load (0.2ms)[0m  [1m[34mSELECT  "products".* FROM "products" WHERE "products"."id" = ? LIMIT ?[0m  [["id", 1], ["LIMIT", 1]]
  Rendering products/show.html.erb within layouts/application
  Rendered products/show.html.erb within layouts/application (0.9ms)
Completed 200 OK in 47ms (Views: 21.5ms | ActiveRecord: 0.2ms)


Started GET "/products/1/edit" for 127.0.0.1 at 2017-06-05 21:00:32 -0500
Processing by ProductsController#edit as HTML
  Parameters: {"id"=>"1"}
  [1m[36mProduct Load (0.1ms)[0m  [1m[34mSELECT  "products".* FROM "products" WHERE "products"."id" = ? LIMIT ?[0m  [["id", 1], ["LIMIT", 1]]
  Rendering products/edit.html.erb within layouts/application
  Rendered products/_form.html.erb (55.6ms)
  Rendered products/edit.html.erb within layouts/application (58.1ms)
Completed 200 OK in 82ms (Views: 78.8ms | ActiveRecord: 0.1ms)


Started PATCH "/products/1" for 127.0.0.1 at 2017-06-05 21:01:17 -0500
Processing by ProductsController#update as HTML
  Parameters: {"utf8"=>"✓", "authenticity_token"=>"V3gEge8MUYTJ7JxBUDRzAN7imIggGSOynTao+yW+9XLE4yF9/tgifULNkzmx2V2AQPlOH9fb6Xw5/jECke6JwA==", "product"=>{"title"=>"", "description"=>"<p>\r\n<em>Native Apps, Multiple platforms</em>\r\nAnswer the question \"Can we build this for ALL the devices?\" with a resounding YES.  This book will help you get there with a real-world introduction to seven platforms, whether you're new to mobile or an experienced developer needing to expand your options.  Plus, you'll find out which cross-platform solution makes the most sense for your needs.\r\n</p>", "image_url"=>"dcbang.jpg", "price"=>"26.0"}, "commit"=>"Update Product", "id"=>"1"}
  [1m[36mProduct Load (0.2ms)[0m  [1m[34mSELECT  "products".* FROM "products" WHERE "products"."id" = ? LIMIT ?[0m  [["id", 1], ["LIMIT", 1]]
  [1m[35m (0.1ms)[0m  [1m[36mbegin transaction[0m
  [1m[35m (0.1ms)[0m  [1m[31mrollback transaction[0m
  Rendering products/edit.html.erb within layouts/application
  Rendered products/_form.html.erb (8.7ms)
  Rendered products/edit.html.erb within layouts/application (11.4ms)
Completed 200 OK in 67ms (Views: 63.1ms | ActiveRecord: 0.3ms)


Started PATCH "/products/1" for 127.0.0.1 at 2017-06-05 21:01:25 -0500
Processing by ProductsController#update as HTML
  Parameters: {"utf8"=>"✓", "authenticity_token"=>"oMXiOEe7dUa4os2XBpqQttOwwBBZSQTULko3WoL/pNbsMwtVvnSmOdR/Ep5HEiVmtC4DRSs4PFfahxqOIwGsvQ==", "product"=>{"title"=>"", "description"=>"", "image_url"=>"", "price"=>""}, "commit"=>"Update Product", "id"=>"1"}
  [1m[36mProduct Load (0.1ms)[0m  [1m[34mSELECT  "products".* FROM "products" WHERE "products"."id" = ? LIMIT ?[0m  [["id", 1], ["LIMIT", 1]]
  [1m[35m (0.1ms)[0m  [1m[36mbegin transaction[0m
  [1m[35m (0.1ms)[0m  [1m[31mrollback transaction[0m
  Rendering products/edit.html.erb within layouts/application
  Rendered products/_form.html.erb (3.5ms)
  Rendered products/edit.html.erb within layouts/application (6.4ms)
Completed 200 OK in 32ms (Views: 28.4ms | ActiveRecord: 0.2ms)


Started PATCH "/products/1" for 127.0.0.1 at 2017-06-05 21:02:30 -0500
Processing by ProductsController#update as HTML
  Parameters: {"utf8"=>"✓", "authenticity_token"=>"5+qImbXvKQPuYsA3p709k+eDh7Z2HNiDuXuHS/bZ1d+rHGH0TCD6fIK/Hz7mNYhDgB1E4wRt4ABNtqqfVyfdtA==", "product"=>{"title"=>"", "description"=>"", "image_url"=>"", "price"=>"dfgdgf"}, "commit"=>"Update Product", "id"=>"1"}
  [1m[36mProduct Load (0.1ms)[0m  [1m[34mSELECT  "products".* FROM "products" WHERE "products"."id" = ? LIMIT ?[0m  [["id", 1], ["LIMIT", 1]]
  [1m[35m (0.1ms)[0m  [1m[36mbegin transaction[0m
  [1m[35m (0.0ms)[0m  [1m[31mrollback transaction[0m
  Rendering products/edit.html.erb within layouts/application
  Rendered products/_form.html.erb (3.3ms)
  Rendered products/edit.html.erb within layouts/application (5.8ms)
Completed 200 OK in 56ms (Views: 40.8ms | ActiveRecord: 1.1ms)


